


ARM Macro Assembler    Page 1 


    1 00000000         ;//-----------------------------------------------------
                       ------------------------
    2 00000000         ;// Software that is described herein is for illustrativ
                       e purposes only  
    3 00000000         ;// which provides customers with programming informatio
                       n regarding the  
    4 00000000         ;// products. This software is supplied "AS IS" without 
                       any warranties.  
    5 00000000         ;// NXP Semiconductors assumes no responsibility or liab
                       ility for the 
    6 00000000         ;// use of the software, conveys no license or title und
                       er any patent, 
    7 00000000         ;// copyright, or mask work right to the product. NXP Se
                       miconductors 
    8 00000000         ;// reserves the right to make changes in the software w
                       ithout 
    9 00000000         ;// notification. NXP Semiconductors also make no repres
                       entation or 
   10 00000000         ;// warranty that such application will be suitable for 
                       the specified 
   11 00000000         ;// use without further testing or modification. 
   12 00000000         ;//-----------------------------------------------------
                       ------------------------
   13 00000000         
   14 00000000         
   15 00000000         ; Standard definitions of Mode bits and Interrupt (I & F
                       ) flags in PSRs
   16 00000000         
   17 00000000 00000010 
                       Mode_USR
                               EQU              0x10
   18 00000000 00000011 
                       Mode_FIQ
                               EQU              0x11
   19 00000000 00000012 
                       Mode_IRQ
                               EQU              0x12
   20 00000000 00000013 
                       Mode_SVC
                               EQU              0x13
   21 00000000 00000017 
                       Mode_ABT
                               EQU              0x17
   22 00000000 0000001B 
                       Mode_UND
                               EQU              0x1B
   23 00000000 0000001F 
                       Mode_SYS
                               EQU              0x1F
   24 00000000         
   25 00000000 00000080 
                       I_Bit   EQU              0x80        ; when I bit is set
                                                            , IRQ is disabled
   26 00000000 00000040 
                       F_Bit   EQU              0x40        ; when F bit is set
                                                            , FIQ is disabled
   27 00000000         
   28 00000000 00000000 
                       UND_Stack_Size



ARM Macro Assembler    Page 2 


                               EQU              0x00000000
   29 00000000 00000008 
                       SVC_Stack_Size
                               EQU              0x00000008
   30 00000000 00000000 
                       ABT_Stack_Size
                               EQU              0x00000000
   31 00000000 00000000 
                       FIQ_Stack_Size
                               EQU              0x00000000
   32 00000000 00000100 
                       IRQ_Stack_Size
                               EQU              0x00000100
   33 00000000 00000400 
                       USR_Stack_Size
                               EQU              0x00000400
   34 00000000         
   36 00000000 00000108 
                       ISR_Stack_Size
                               EQU              (UND_Stack_Size + SVC_Stack_Siz
e + ABT_Stack_Size +                           FIQ_Stack_Size + IRQ_Stack_Size
)
   37 00000000         
   38 00000000 40001FE0 
                       Stack_Top
                               EQU              0x40002000 - 32
   39 00000000         
   40 00000000         ; Area Definition and Entry Point
   41 00000000         ;  Startup Code must be linked first at Address at which
                        it expects to run.
   42 00000000                 PRESERVE8
   43 00000000                 AREA             RESET, CODE, READONLY
   44 00000000                 ENTRY
   45 00000000                 ARM
   46 00000000         
   47 00000000         
   48 00000000         ; Exception Vectors
   49 00000000         ;  Mapped to Address 0.
   50 00000000         ;  Absolute addressing mode must be used.
   51 00000000         ;  Dummy Handlers are implemented as infinite loops whic
                       h can be modified.
   52 00000000         
   53 00000000 E59FF018 
                       Vectors LDR              PC, Reset_Addr
   54 00000004 E59FF018        LDR              PC, Undef_Addr
   55 00000008 E59FF018        LDR              PC, SWI_Addr
   56 0000000C E59FF018        LDR              PC, PAbt_Addr
   57 00000010 E59FF018        LDR              PC, DAbt_Addr
   58 00000014 E1A00000        NOP                          ; Reserved Vector 
   59 00000018         ;               LDR     PC, IRQ_Addr
   60 00000018 E51FF120        LDR              PC, [PC, #-0x0120] ; Vector fro
                                                            m VicVectAddr
   61 0000001C E59FF018        LDR              PC, FIQ_Addr
   62 00000020         
   63 00000020 00000000 
                       Reset_Addr
                               DCD              Reset_Handler
   64 00000024 00000000 
                       Undef_Addr



ARM Macro Assembler    Page 3 


                               DCD              Undef_Handler
   65 00000028 00000000 
                       SWI_Addr
                               DCD              SWI_Handler
   66 0000002C 00000000 
                       PAbt_Addr
                               DCD              PAbt_Handler
   67 00000030 00000000 
                       DAbt_Addr
                               DCD              DAbt_Handler
   68 00000034 00000000        DCD              0           ; Reserved Address 
                                                            
   69 00000038 00000000 
                       IRQ_Addr
                               DCD              IRQ_Handler
   70 0000003C 00000000 
                       FIQ_Addr
                               DCD              FIQ_Handler
   71 00000040         
   72 00000040 EAFFFFFE 
                       Undef_Handler
                               B                Undef_Handler
   73 00000044 EAFFFFFE 
                       SWI_Handler
                               B                SWI_Handler
   74 00000048 EAFFFFFE 
                       PAbt_Handler
                               B                PAbt_Handler
   75 0000004C EAFFFFFE 
                       DAbt_Handler
                               B                DAbt_Handler
   76 00000050 EAFFFFFE 
                       IRQ_Handler
                               B                IRQ_Handler
   77 00000054 EAFFFFFE 
                       FIQ_Handler
                               B                FIQ_Handler
   78 00000058         
   79 00000058         
   80 00000058         ; Reset Handler
   81 00000058         
   82 00000058                 EXPORT           Reset_Handler
   83 00000058         Reset_Handler
   84 00000058         
   85 00000058         
   86 00000058         ; Setup Stack for each mode ----------------------------
                       ------------------------
   87 00000058         
   88 00000058 E59F004C        LDR              R0, =Stack_Top
   89 0000005C         
   90 0000005C         ;  Enter Undefined Instruction Mode and set its Stack Po
                       inter
   91 0000005C E321F0DB        MSR              CPSR_c, #Mode_UND:OR:I_Bit:OR:F
_Bit
   92 00000060 E1A0D000        MOV              SP, R0
   93 00000064 E2400000        SUB              R0, R0, #UND_Stack_Size
   94 00000068         
   95 00000068         ;  Enter Abort Mode and set its Stack Pointer
   96 00000068 E321F0D7        MSR              CPSR_c, #Mode_ABT:OR:I_Bit:OR:F



ARM Macro Assembler    Page 4 


_Bit
   97 0000006C E1A0D000        MOV              SP, R0
   98 00000070 E2400000        SUB              R0, R0, #ABT_Stack_Size
   99 00000074         
  100 00000074         ;  Enter FIQ Mode and set its Stack Pointer
  101 00000074 E321F0D1        MSR              CPSR_c, #Mode_FIQ:OR:I_Bit:OR:F
_Bit
  102 00000078 E1A0D000        MOV              SP, R0
  103 0000007C E2400000        SUB              R0, R0, #FIQ_Stack_Size
  104 00000080         
  105 00000080         ;  Enter IRQ Mode and set its Stack Pointer
  106 00000080 E321F0D2        MSR              CPSR_c, #Mode_IRQ:OR:I_Bit:OR:F
_Bit
  107 00000084 E1A0D000        MOV              SP, R0
  108 00000088 E2400C01        SUB              R0, R0, #IRQ_Stack_Size
  109 0000008C         
  110 0000008C         ;  Enter Supervisor Mode and set its Stack Pointer
  111 0000008C E321F0D3        MSR              CPSR_c, #Mode_SVC:OR:I_Bit:OR:F
_Bit
  112 00000090 E1A0D000        MOV              SP, R0
  113 00000094 E2400008        SUB              R0, R0, #SVC_Stack_Size
  114 00000098         
  115 00000098         ;  Enter User Mode and set its Stack Pointer
  116 00000098 E321F010        MSR              CPSR_c, #Mode_USR
  117 0000009C E1A0D000        MOV              SP, R0
  118 000000A0 E24DAB01        SUB              SL, SP, #USR_Stack_Size
  119 000000A4         
  120 000000A4         
  121 000000A4         ; Enter the C code -------------------------------------
                       ------------------------
  122 000000A4         
  123 000000A4                 IMPORT           sbl_main
  124 000000A4 E59F0004        LDR              R0, =sbl_main
  125 000000A8 E12FFF10        BX               R0
  126 000000AC         
  127 000000AC                 END
              40001FE0 
              00000000 
Command Line: --debug --xref --apcs=interwork --depend=.\obj\lpc2300.d -o.\obj\
lpc2300.o -IC:\Keil\ARM\RV31\INC -IC:\Keil\ARM\CMSIS\Include -IC:\Keil\ARM\Inc\
Philips --list=.\obj\lpc2300.lst startup\LPC2300.s



ARM Macro Assembler    Page 1 Alphabetic symbol ordering
Relocatable symbols

DAbt_Addr 00000030

Symbol: DAbt_Addr
   Definitions
      At line 67 in file startup\LPC2300.s
   Uses
      At line 57 in file startup\LPC2300.s
Comment: DAbt_Addr used once
DAbt_Handler 0000004C

Symbol: DAbt_Handler
   Definitions
      At line 75 in file startup\LPC2300.s
   Uses
      At line 67 in file startup\LPC2300.s
      At line 75 in file startup\LPC2300.s

FIQ_Addr 0000003C

Symbol: FIQ_Addr
   Definitions
      At line 70 in file startup\LPC2300.s
   Uses
      At line 61 in file startup\LPC2300.s
Comment: FIQ_Addr used once
FIQ_Handler 00000054

Symbol: FIQ_Handler
   Definitions
      At line 77 in file startup\LPC2300.s
   Uses
      At line 70 in file startup\LPC2300.s
      At line 77 in file startup\LPC2300.s

IRQ_Addr 00000038

Symbol: IRQ_Addr
   Definitions
      At line 69 in file startup\LPC2300.s
   Uses
      None
Comment: IRQ_Addr unused
IRQ_Handler 00000050

Symbol: IRQ_Handler
   Definitions
      At line 76 in file startup\LPC2300.s
   Uses
      At line 69 in file startup\LPC2300.s
      At line 76 in file startup\LPC2300.s

PAbt_Addr 0000002C

Symbol: PAbt_Addr
   Definitions
      At line 66 in file startup\LPC2300.s
   Uses
      At line 56 in file startup\LPC2300.s
Comment: PAbt_Addr used once



ARM Macro Assembler    Page 2 Alphabetic symbol ordering
Relocatable symbols

PAbt_Handler 00000048

Symbol: PAbt_Handler
   Definitions
      At line 74 in file startup\LPC2300.s
   Uses
      At line 66 in file startup\LPC2300.s
      At line 74 in file startup\LPC2300.s

RESET 00000000

Symbol: RESET
   Definitions
      At line 43 in file startup\LPC2300.s
   Uses
      None
Comment: RESET unused
Reset_Addr 00000020

Symbol: Reset_Addr
   Definitions
      At line 63 in file startup\LPC2300.s
   Uses
      At line 53 in file startup\LPC2300.s
Comment: Reset_Addr used once
Reset_Handler 00000058

Symbol: Reset_Handler
   Definitions
      At line 83 in file startup\LPC2300.s
   Uses
      At line 63 in file startup\LPC2300.s
      At line 82 in file startup\LPC2300.s

SWI_Addr 00000028

Symbol: SWI_Addr
   Definitions
      At line 65 in file startup\LPC2300.s
   Uses
      At line 55 in file startup\LPC2300.s
Comment: SWI_Addr used once
SWI_Handler 00000044

Symbol: SWI_Handler
   Definitions
      At line 73 in file startup\LPC2300.s
   Uses
      At line 65 in file startup\LPC2300.s
      At line 73 in file startup\LPC2300.s

Undef_Addr 00000024

Symbol: Undef_Addr
   Definitions
      At line 64 in file startup\LPC2300.s
   Uses
      At line 54 in file startup\LPC2300.s
Comment: Undef_Addr used once



ARM Macro Assembler    Page 3 Alphabetic symbol ordering
Relocatable symbols

Undef_Handler 00000040

Symbol: Undef_Handler
   Definitions
      At line 72 in file startup\LPC2300.s
   Uses
      At line 64 in file startup\LPC2300.s
      At line 72 in file startup\LPC2300.s

Vectors 00000000

Symbol: Vectors
   Definitions
      At line 53 in file startup\LPC2300.s
   Uses
      None
Comment: Vectors unused
16 symbols



ARM Macro Assembler    Page 1 Alphabetic symbol ordering
Absolute symbols

ABT_Stack_Size 00000000

Symbol: ABT_Stack_Size
   Definitions
      At line 30 in file startup\LPC2300.s
   Uses
      At line 36 in file startup\LPC2300.s
      At line 98 in file startup\LPC2300.s

FIQ_Stack_Size 00000000

Symbol: FIQ_Stack_Size
   Definitions
      At line 31 in file startup\LPC2300.s
   Uses
      At line 36 in file startup\LPC2300.s
      At line 103 in file startup\LPC2300.s

F_Bit 00000040

Symbol: F_Bit
   Definitions
      At line 26 in file startup\LPC2300.s
   Uses
      At line 91 in file startup\LPC2300.s
      At line 96 in file startup\LPC2300.s
      At line 101 in file startup\LPC2300.s
      At line 106 in file startup\LPC2300.s
      At line 111 in file startup\LPC2300.s

IRQ_Stack_Size 00000100

Symbol: IRQ_Stack_Size
   Definitions
      At line 32 in file startup\LPC2300.s
   Uses
      At line 36 in file startup\LPC2300.s
      At line 108 in file startup\LPC2300.s

ISR_Stack_Size 00000108

Symbol: ISR_Stack_Size
   Definitions
      At line 36 in file startup\LPC2300.s
   Uses
      None
Comment: ISR_Stack_Size unused
I_Bit 00000080

Symbol: I_Bit
   Definitions
      At line 25 in file startup\LPC2300.s
   Uses
      At line 91 in file startup\LPC2300.s
      At line 96 in file startup\LPC2300.s
      At line 101 in file startup\LPC2300.s
      At line 106 in file startup\LPC2300.s
      At line 111 in file startup\LPC2300.s




ARM Macro Assembler    Page 2 Alphabetic symbol ordering
Absolute symbols

Mode_ABT 00000017

Symbol: Mode_ABT
   Definitions
      At line 21 in file startup\LPC2300.s
   Uses
      At line 96 in file startup\LPC2300.s
Comment: Mode_ABT used once
Mode_FIQ 00000011

Symbol: Mode_FIQ
   Definitions
      At line 18 in file startup\LPC2300.s
   Uses
      At line 101 in file startup\LPC2300.s
Comment: Mode_FIQ used once
Mode_IRQ 00000012

Symbol: Mode_IRQ
   Definitions
      At line 19 in file startup\LPC2300.s
   Uses
      At line 106 in file startup\LPC2300.s
Comment: Mode_IRQ used once
Mode_SVC 00000013

Symbol: Mode_SVC
   Definitions
      At line 20 in file startup\LPC2300.s
   Uses
      At line 111 in file startup\LPC2300.s
Comment: Mode_SVC used once
Mode_SYS 0000001F

Symbol: Mode_SYS
   Definitions
      At line 23 in file startup\LPC2300.s
   Uses
      None
Comment: Mode_SYS unused
Mode_UND 0000001B

Symbol: Mode_UND
   Definitions
      At line 22 in file startup\LPC2300.s
   Uses
      At line 91 in file startup\LPC2300.s
Comment: Mode_UND used once
Mode_USR 00000010

Symbol: Mode_USR
   Definitions
      At line 17 in file startup\LPC2300.s
   Uses
      At line 116 in file startup\LPC2300.s
Comment: Mode_USR used once
SVC_Stack_Size 00000008

Symbol: SVC_Stack_Size



ARM Macro Assembler    Page 3 Alphabetic symbol ordering
Absolute symbols

   Definitions
      At line 29 in file startup\LPC2300.s
   Uses
      At line 36 in file startup\LPC2300.s
      At line 113 in file startup\LPC2300.s

Stack_Top 40001FE0

Symbol: Stack_Top
   Definitions
      At line 38 in file startup\LPC2300.s
   Uses
      At line 88 in file startup\LPC2300.s
Comment: Stack_Top used once
UND_Stack_Size 00000000

Symbol: UND_Stack_Size
   Definitions
      At line 28 in file startup\LPC2300.s
   Uses
      At line 36 in file startup\LPC2300.s
      At line 93 in file startup\LPC2300.s

USR_Stack_Size 00000400

Symbol: USR_Stack_Size
   Definitions
      At line 33 in file startup\LPC2300.s
   Uses
      At line 118 in file startup\LPC2300.s
Comment: USR_Stack_Size used once
17 symbols



ARM Macro Assembler    Page 1 Alphabetic symbol ordering
External symbols

sbl_main 00000000

Symbol: sbl_main
   Definitions
      At line 123 in file startup\LPC2300.s
   Uses
      At line 124 in file startup\LPC2300.s
Comment: sbl_main used once
1 symbol
366 symbols in table
