C51 COMPILER V9.60.0.0   POG3                                                              02/07/2022 15:13:52 PAGE 1   


C51 COMPILER V9.60.0.0, COMPILATION OF MODULE POG3
OBJECT MODULE PLACED IN .\Objects\pog3.obj
COMPILER INVOKED BY: D:\sem-6\C51\BIN\C51.EXE pog3.c OPTIMIZE(8,SPEED) BROWSE DEBUG OBJECTEXTEND PRINT(.\Listings\pog3.l
                    -st) TABS(2) OBJECT(.\Objects\pog3.obj)

line level    source

   1          #include <p89v51rd2.h>
   2          void delay(unsigned int d)
   3          {
   4   1      unsigned int i,j;
   5   1        for(i=0;i< 1000;i++)
   6   1          for(j=0;j< d;j++);
   7   1      }
   8          void main()
   9          {
  10   1        int count;
  11   1        while(1){
  12   2          for(count=0;count<8;count++){
  13   3            delay(2000);
  14   3            P3=count;
  15   3            delay(2000);
  16   3          }
  17   2        }
  18   1      }


MODULE INFORMATION:   STATIC OVERLAYABLE
   CODE SIZE        =     59    ----
   CONSTANT SIZE    =   ----    ----
   XDATA SIZE       =   ----    ----
   PDATA SIZE       =   ----    ----
   DATA SIZE        =   ----    ----
   IDATA SIZE       =   ----    ----
   BIT SIZE         =   ----    ----
END OF MODULE INFORMATION.


C51 COMPILATION COMPLETE.  0 WARNING(S),  0 ERROR(S)
