C51 COMPILER V9.60.0.0   PROG                                                              01/24/2022 14:48:07 PAGE 1   


C51 COMPILER V9.60.0.0, COMPILATION OF MODULE PROG
OBJECT MODULE PLACED IN .\Objects\prog.obj
COMPILER INVOKED BY: D:\sem-6\C51\BIN\C51.EXE prog.c OPTIMIZE(8,SPEED) BROWSE DEBUG OBJECTEXTEND PRINT(.\Listings\prog.l
                    -st) TABS(2) OBJECT(.\Objects\prog.obj)

line level    source

   1          #include<p89v51rd2.h>
   2          
   3          void delay(unsigned int d){
   4   1        unsigned int i,j;
   5   1        for(i=0;i<=1000;i++){
   6   2          for(j=0;j<=d;j++);
   7   2        }
   8   1      }
   9          
  10          void main(void){
  11   1        while(1){
  12   2          RxD=0;
  13   2          delay(20);
  14   2          RxD=1;
  15   2          delay(20);
  16   2        }
  17   1      }


MODULE INFORMATION:   STATIC OVERLAYABLE
   CODE SIZE        =     48    ----
   CONSTANT SIZE    =   ----    ----
   XDATA SIZE       =   ----    ----
   PDATA SIZE       =   ----    ----
   DATA SIZE        =   ----    ----
   IDATA SIZE       =   ----    ----
   BIT SIZE         =   ----    ----
END OF MODULE INFORMATION.


C51 COMPILATION COMPLETE.  0 WARNING(S),  0 ERROR(S)
