C51 COMPILER V9.60.0.0   PROG10_2                                                          04/25/2022 15:05:53 PAGE 1   


C51 COMPILER V9.60.0.0, COMPILATION OF MODULE PROG10_2
OBJECT MODULE PLACED IN .\Objects\prog10-2.obj
COMPILER INVOKED BY: D:\sem-6\C51\BIN\C51.EXE prog10-2.c OPTIMIZE(8,SPEED) BROWSE DEBUG OBJECTEXTEND PRINT(.\Listings\pr
                    -og10-2.lst) TABS(2) OBJECT(.\Objects\prog10-2.obj)

line level    source

   1          #include<p89v51rd2.h>
   2          sbit flag=P1^5;
   3          
   4          void T1M2Delay(void){
   5   1        TMOD=0x20;
   6   1        TH1=0x1A;
   7   1        TR1=1;
   8   1        while (TF1==0);
   9   1        TR1=0;
  10   1        TF1=0;
  11   1      }
  12          
  13          /*void main(void){
  14            unsigned char x;
  15            while (1) {
  16              flag=~flag;
  17              for(x=0;x<1000;x++) // for 250 micro sec * 1000
  18                T1M2Delay(); 
  19            }
  20          }*/


MODULE INFORMATION:   STATIC OVERLAYABLE
   CODE SIZE        =     16    ----
   CONSTANT SIZE    =   ----    ----
   XDATA SIZE       =   ----    ----
   PDATA SIZE       =   ----    ----
   DATA SIZE        =   ----    ----
   IDATA SIZE       =   ----    ----
   BIT SIZE         =   ----    ----
END OF MODULE INFORMATION.


C51 COMPILATION COMPLETE.  0 WARNING(S),  0 ERROR(S)
