C51 COMPILER V9.60.0.0   PROG3                                                             02/07/2022 16:28:44 PAGE 1   


C51 COMPILER V9.60.0.0, COMPILATION OF MODULE PROG3
OBJECT MODULE PLACED IN .\Objects\prog3.obj
COMPILER INVOKED BY: D:\sem-6\C51\BIN\C51.EXE prog3.c OPTIMIZE(8,SPEED) BROWSE DEBUG OBJECTEXTEND PRINT(.\Listings\prog3
                    -.lst) TABS(2) OBJECT(.\Objects\prog3.obj)

line level    source

   1          #include<p89v51rd2.h>
   2          void delay(int d){
   3   1        int i,j;
   4   1        for(i=0;i<=1000;i++)
   5   1          for(j=0;j<=d;j++);
   6   1      }
   7          void main(void){
   8   1        int i,j,k;
   9   1        while(1){
  10   2          for(i=0;i<=1;i++){
  11   3            for(j=0;j<=1;j++){
  12   4              for(k=0;k<=1;k++){
  13   5                delay(1000);
  14   5                RxD = i; TxD=j; WR=k;
  15   5                delay(1000);
  16   5              }
  17   4            }
  18   3          }
  19   2        }
  20   1      }


MODULE INFORMATION:   STATIC OVERLAYABLE
   CODE SIZE        =    134    ----
   CONSTANT SIZE    =   ----    ----
   XDATA SIZE       =   ----    ----
   PDATA SIZE       =   ----    ----
   DATA SIZE        =   ----       4
   IDATA SIZE       =   ----    ----
   BIT SIZE         =   ----    ----
END OF MODULE INFORMATION.


C51 COMPILATION COMPLETE.  0 WARNING(S),  0 ERROR(S)
