C51 COMPILER V9.60.0.0   PROG1                                                             01/17/2022 15:27:38 PAGE 1   


C51 COMPILER V9.60.0.0, COMPILATION OF MODULE PROG1
OBJECT MODULE PLACED IN .\Objects\prog1.obj
COMPILER INVOKED BY: D:\sem-6\C51\BIN\C51.EXE prog1.c OPTIMIZE(8,SPEED) BROWSE DEBUG OBJECTEXTEND PRINT(.\Listings\prog1
                    -.lst) TABS(2) OBJECT(.\Objects\prog1.obj)

line level    source

   1          #include<stdio.h>
   2          int main(){
   3   1        printf("Hello World");
   4   1        return 0;
   5   1      }


MODULE INFORMATION:   STATIC OVERLAYABLE
   CODE SIZE        =     13    ----
   CONSTANT SIZE    =     12    ----
   XDATA SIZE       =   ----    ----
   PDATA SIZE       =   ----    ----
   DATA SIZE        =   ----    ----
   IDATA SIZE       =   ----    ----
   BIT SIZE         =   ----    ----
END OF MODULE INFORMATION.


C51 COMPILATION COMPLETE.  0 WARNING(S),  0 ERROR(S)
