C51 COMPILER V9.60.0.0   PROJ6                                                             03/21/2022 15:20:15 PAGE 1   


C51 COMPILER V9.60.0.0, COMPILATION OF MODULE PROJ6
OBJECT MODULE PLACED IN .\Objects\proj6.obj
COMPILER INVOKED BY: D:\sem-6\C51\BIN\C51.EXE proj6.c OPTIMIZE(8,SPEED) BROWSE DEBUG OBJECTEXTEND PRINT(.\Listings\proj6
                    -.lst) TABS(2) OBJECT(.\Objects\proj6.obj)

line level    source

   1          #include<p89v51rd2.h>
   2          
   3          sbit led1=P3^0;
   4          sbit led2=P3^1;
   5          sbit led3=P3^6;
   6          sbit led4=P3^7;
   7          //led declarations
   8          sbit sw1=P3^2;
   9          sbit sw2=P3^3;
  10          sbit sw3=P3^4;
  11          sbit sw4=P3^5;
  12          //switch declarations
  13          sbit bzz = P0^3;
  14          
  15          void delay(unsigned int dela) // delay function
  16          {
  17   1      unsigned int i,j;
  18   1      for(i=0;i<=1000;i++)
  19   1      for(j=0;j<=dela;j++);
  20   1        
  21   1      }
  22          
  23          void buzzer(){
  24   1        bzz=0;
  25   1        delay(1000);
  26   1        bzz=1;
  27   1      }
  28          unsigned int i,j,t,temp,max;
  29          void main(void)
  30          {
  31   1        led1=led2=led3=led4=1;
  32   1        sw1=sw2=sw3=sw4=1; // setting all switche's default value
  33   1        while(1)
  34   1        {
  35   2          if(sw1 == 0 && sw2 == 1 && sw3 == 1) // 4 bit counter
  36   2            max = 16;
  37   2          else if(sw1 == 1 && sw2 == 0 && sw3 == 1) // 2 bit counter
  38   2            max = 4;
  39   2          else if(sw1 == 1 && sw2 == 1 && sw3 ==0) // 1 bit counter
  40   2            max = 2;
  41   2          else if( sw1 == 1 && sw2 == 0 && sw3 ==0) // 3 bit counter
  42   2            max = 8;
  43   2          else // 0 bit counter
  44   2            max = 1;
  45   2          
  46   2          bzz=1;
  47   2          for(t=max;t>1;t/=2){
  48   3            for(i=0;i< t;++i){ // counting upto max
  49   4      
  50   4              for(j=0;j<4;++j){ //setting up leds
  51   5                temp = 1 << j;
  52   5                if(j == 0) led1 = !(temp & i);
  53   5                else if(j==1) led2 = !(temp & i);
  54   5                else if (j==2) led3 = !(temp & i);
C51 COMPILER V9.60.0.0   PROJ6                                                             03/21/2022 15:20:15 PAGE 2   

  55   5                else led4 = !(temp & i);
  56   5              }
  57   4              delay(1500);
  58   4            }
  59   3            buzzer();
  60   3            led1=led2=led3=led4=1;
  61   3          }
  62   2          
  63   2        }
  64   1      }


MODULE INFORMATION:   STATIC OVERLAYABLE
   CODE SIZE        =    342    ----
   CONSTANT SIZE    =   ----    ----
   XDATA SIZE       =   ----    ----
   PDATA SIZE       =   ----    ----
   DATA SIZE        =     10    ----
   IDATA SIZE       =   ----    ----
   BIT SIZE         =   ----    ----
END OF MODULE INFORMATION.


C51 COMPILATION COMPLETE.  0 WARNING(S),  0 ERROR(S)
