C51 COMPILER V9.60.0.0   PROJ9                                                             04/18/2022 15:48:47 PAGE 1   


C51 COMPILER V9.60.0.0, COMPILATION OF MODULE PROJ9
OBJECT MODULE PLACED IN .\Objects\proj9.obj
COMPILER INVOKED BY: D:\sem-6\C51\BIN\C51.EXE proj9.c OPTIMIZE(8,SPEED) BROWSE DEBUG OBJECTEXTEND PRINT(.\Listings\proj9
                    -.lst) TABS(2) OBJECT(.\Objects\proj9.obj)

line level    source

   1          #include<p89v51rd2.h>
   2          
   3          sbit led1=P3^0;
   4          sbit led2=P3^1;
   5          sbit led3=P3^6;
   6          sbit led4=P3^7;
   7          //led declarations
   8          sbit sw1=P3^2; //msb
   9          sbit sw2=P3^3;
  10          sbit sw3=P3^4;
  11          sbit sw4=P3^5; //lsb
  12          //switch declarations
  13          sbit bzz = P0^3;
  14          
  15          void delay(unsigned int dela) // delay function
  16          {
  17   1      unsigned int i,j;
  18   1      for(i=0;i<=1000;i++)
  19   1      for(j=0;j<=dela;j++);
  20   1        
  21   1      }
  22          
  23          void buzzer(){
  24   1        bzz=0;
  25   1        delay(1000);
  26   1        bzz=1;
  27   1      }
  28          unsigned int i,j,t,num,temp;
  29          void main(void)
  30          {
  31   1        led1=led2=led3=led4=1;
  32   1        sw1=sw2=sw3=sw4=1; // setting all switche's default value
  33   1        
  34   1        while(1)
  35   1        {
  36   2          num=0;
  37   2          if(sw1==0) num=num+8;
  38   2          if(sw2==0) num=num+4;
  39   2          if(sw3==0) num=num+2;
  40   2          if(sw4==0) num=num+1;
  41   2          
  42   2          bzz=1;
  43   2          for(i = 2;i<num;i++){
  44   3            if(num%i==0){ // checking for factor
  45   4              for(j=0;j<4;++j){ // setting up leds
  46   5                temp = 1 << j;
  47   5                if(j == 0) led1 = !(temp & i);
  48   5                else if(j==1) led2 = !(temp & i);
  49   5                else if (j==2) led3 = !(temp & i);
  50   5                else led4 = !(temp & i);
  51   5              }
  52   4              delay(2500);
  53   4              buzzer();
  54   4              led1=led2=led3=led4=1;
C51 COMPILER V9.60.0.0   PROJ9                                                             04/18/2022 15:48:47 PAGE 2   

  55   4            }
  56   3          }   
  57   2        }
  58   1      }


MODULE INFORMATION:   STATIC OVERLAYABLE
   CODE SIZE        =    310    ----
   CONSTANT SIZE    =   ----    ----
   XDATA SIZE       =   ----    ----
   PDATA SIZE       =   ----    ----
   DATA SIZE        =     10    ----
   IDATA SIZE       =   ----    ----
   BIT SIZE         =   ----    ----
END OF MODULE INFORMATION.


C51 COMPILATION COMPLETE.  0 WARNING(S),  0 ERROR(S)
